2025-05-23 21:09:38,332 - main - INFO - Starting trade copier...
2025-05-23 21:10:08,797 - main - INFO - Starting trade copier...
2025-05-23 21:10:19,866 - main - INFO - Starting trade copier...
2025-05-23 21:10:46,764 - main - INFO - Shutting down trade copier...
2025-05-23 21:12:23,640 - main - INFO - Starting trade copier...
2025-05-23 21:16:58,878 - main - INFO - Shutting down trade copier...
2025-05-23 21:17:00,932 - main - INFO - Starting trade copier...
2025-05-23 21:17:41,908 - main - ERROR - Error fetching balance for account 1: APIError(code=0): Service unavailable from a restricted location according to 'b. Eligibility' in https://www.binance.com/en/terms. Please contact customer service if you believe you received this message in error.
2025-05-23 21:17:41,913 - main - ERROR - WebSocket error for master 1: APIError(code=0): Service unavailable from a restricted location according to 'b. Eligibility' in https://www.binance.com/en/terms. Please contact customer service if you believe you received this message in error.
2025-05-23 21:17:41,947 - main - ERROR - Error fetching balance for account 1: APIError(code=0): Service unavailable from a restricted location according to 'b. Eligibility' in https://www.binance.com/en/terms. Please contact customer service if you believe you received this message in error.
2025-05-23 21:17:46,995 - main - ERROR - WebSocket error for master 1: APIError(code=0): Service unavailable from a restricted location according to 'b. Eligibility' in https://www.binance.com/en/terms. Please contact customer service if you believe you received this message in error.
2025-05-23 21:17:52,165 - main - ERROR - WebSocket error for master 1: APIError(code=0): Service unavailable from a restricted location according to 'b. Eligibility' in https://www.binance.com/en/terms. Please contact customer service if you believe you received this message in error.
2025-05-23 21:17:57,235 - main - ERROR - WebSocket error for master 1: APIError(code=0): Service unavailable from a restricted location according to 'b. Eligibility' in https://www.binance.com/en/terms. Please contact customer service if you believe you received this message in error.
2025-05-23 21:18:01,049 - main - ERROR - Error fetching balance for account 1: APIError(code=0): Service unavailable from a restricted location according to 'b. Eligibility' in https://www.binance.com/en/terms. Please contact customer service if you believe you received this message in error.
2025-05-23 21:18:02,300 - main - ERROR - WebSocket error for master 1: APIError(code=0): Service unavailable from a restricted location according to 'b. Eligibility' in https://www.binance.com/en/terms. Please contact customer service if you believe you received this message in error.
2025-05-23 21:18:07,383 - main - ERROR - WebSocket error for master 1: APIError(code=0): Service unavailable from a restricted location according to 'b. Eligibility' in https://www.binance.com/en/terms. Please contact customer service if you believe you received this message in error.
2025-05-23 21:18:12,524 - main - ERROR - WebSocket error for master 1: APIError(code=0): Service unavailable from a restricted location according to 'b. Eligibility' in https://www.binance.com/en/terms. Please contact customer service if you believe you received this message in error.
2025-05-23 21:18:17,684 - main - ERROR - WebSocket error for master 1: APIError(code=0): Service unavailable from a restricted location according to 'b. Eligibility' in https://www.binance.com/en/terms. Please contact customer service if you believe you received this message in error.
2025-05-23 21:18:22,755 - main - ERROR - WebSocket error for master 1: APIError(code=0): Service unavailable from a restricted location according to 'b. Eligibility' in https://www.binance.com/en/terms. Please contact customer service if you believe you received this message in error.
2025-05-23 21:18:27,837 - main - ERROR - WebSocket error for master 1: APIError(code=0): Service unavailable from a restricted location according to 'b. Eligibility' in https://www.binance.com/en/terms. Please contact customer service if you believe you received this message in error.
2025-05-23 21:18:31,116 - main - ERROR - Error fetching balance for account 1: APIError(code=0): Service unavailable from a restricted location according to 'b. Eligibility' in https://www.binance.com/en/terms. Please contact customer service if you believe you received this message in error.
2025-05-23 21:18:32,907 - main - ERROR - WebSocket error for master 1: APIError(code=0): Service unavailable from a restricted location according to 'b. Eligibility' in https://www.binance.com/en/terms. Please contact customer service if you believe you received this message in error.
2025-05-23 21:18:37,939 - main - ERROR - WebSocket error for master 1: APIError(code=0): Service unavailable from a restricted location according to 'b. Eligibility' in https://www.binance.com/en/terms. Please contact customer service if you believe you received this message in error.
2025-05-23 21:18:43,026 - main - ERROR - WebSocket error for master 1: APIError(code=0): Service unavailable from a restricted location according to 'b. Eligibility' in https://www.binance.com/en/terms. Please contact customer service if you believe you received this message in error.
2025-05-23 21:18:48,100 - main - ERROR - WebSocket error for master 1: APIError(code=0): Service unavailable from a restricted location according to 'b. Eligibility' in https://www.binance.com/en/terms. Please contact customer service if you believe you received this message in error.
2025-05-23 21:18:53,192 - main - ERROR - WebSocket error for master 1: APIError(code=0): Service unavailable from a restricted location according to 'b. Eligibility' in https://www.binance.com/en/terms. Please contact customer service if you believe you received this message in error.
2025-05-23 21:18:58,269 - main - ERROR - WebSocket error for master 1: APIError(code=0): Service unavailable from a restricted location according to 'b. Eligibility' in https://www.binance.com/en/terms. Please contact customer service if you believe you received this message in error.
2025-05-23 21:19:01,200 - main - ERROR - Error fetching balance for account 1: APIError(code=0): Service unavailable from a restricted location according to 'b. Eligibility' in https://www.binance.com/en/terms. Please contact customer service if you believe you received this message in error.
2025-05-23 21:19:01,422 - main - INFO - Shutting down trade copier...
2025-05-23 21:20:36,382 - main - INFO - Starting trade copier...
2025-05-23 21:20:40,578 - main - ERROR - Error fetching balance for account 1: APIError(code=0): Service unavailable from a restricted location according to 'b. Eligibility' in https://www.binance.com/en/terms. Please contact customer service if you believe you received this message in error.
2025-05-23 21:20:40,715 - main - ERROR - WebSocket error for master 1: APIError(code=0): Service unavailable from a restricted location according to 'b. Eligibility' in https://www.binance.com/en/terms. Please contact customer service if you believe you received this message in error.
2025-05-23 21:20:41,417 - asyncio - ERROR - Unclosed client session
client_session: <aiohttp.client.ClientSession object at 0x000001A732206F60>
2025-05-23 21:20:53,808 - main - INFO - Starting trade copier...
2025-05-23 21:20:54,192 - main - ERROR - WebSocket error for master 1: APIError(code=0): Service unavailable from a restricted location according to 'b. Eligibility' in https://www.binance.com/en/terms. Please contact customer service if you believe you received this message in error.
2025-05-23 21:20:54,193 - main - ERROR - Error fetching balance for account 1: APIError(code=0): Service unavailable from a restricted location according to 'b. Eligibility' in https://www.binance.com/en/terms. Please contact customer service if you believe you received this message in error.
2025-05-23 21:20:54,225 - main - ERROR - Error fetching balance for account 1: APIError(code=0): Service unavailable from a restricted location according to 'b. Eligibility' in https://www.binance.com/en/terms. Please contact customer service if you believe you received this message in error.
2025-05-23 21:20:59,221 - main - ERROR - WebSocket error for master 1: APIError(code=0): Service unavailable from a restricted location according to 'b. Eligibility' in https://www.binance.com/en/terms. Please contact customer service if you believe you received this message in error.
2025-05-23 21:21:04,230 - main - ERROR - WebSocket error for master 1: APIError(code=0): Service unavailable from a restricted location according to 'b. Eligibility' in https://www.binance.com/en/terms. Please contact customer service if you believe you received this message in error.
2025-05-23 21:21:09,260 - main - ERROR - WebSocket error for master 1: APIError(code=0): Service unavailable from a restricted location according to 'b. Eligibility' in https://www.binance.com/en/terms. Please contact customer service if you believe you received this message in error.
2025-05-23 21:21:14,297 - main - ERROR - WebSocket error for master 1: APIError(code=0): Service unavailable from a restricted location according to 'b. Eligibility' in https://www.binance.com/en/terms. Please contact customer service if you believe you received this message in error.
2025-05-23 21:21:14,470 - main - INFO - Shutting down trade copier...
2025-05-23 21:21:44,790 - main - INFO - Starting trade copier...
2025-05-23 21:21:45,276 - main - ERROR - Error fetching balance for account 1: APIError(code=0): Service unavailable from a restricted location according to 'b. Eligibility' in https://www.binance.com/en/terms. Please contact customer service if you believe you received this message in error.
2025-05-23 21:21:45,288 - main - ERROR - WebSocket error for master 1: APIError(code=0): Service unavailable from a restricted location according to 'b. Eligibility' in https://www.binance.com/en/terms. Please contact customer service if you believe you received this message in error.
2025-05-23 21:21:45,311 - main - ERROR - Error fetching balance for account 1: APIError(code=0): Service unavailable from a restricted location according to 'b. Eligibility' in https://www.binance.com/en/terms. Please contact customer service if you believe you received this message in error.
2025-05-23 21:21:50,331 - main - ERROR - WebSocket error for master 1: APIError(code=0): Service unavailable from a restricted location according to 'b. Eligibility' in https://www.binance.com/en/terms. Please contact customer service if you believe you received this message in error.
2025-05-23 21:21:55,336 - main - ERROR - WebSocket error for master 1: APIError(code=0): Service unavailable from a restricted location according to 'b. Eligibility' in https://www.binance.com/en/terms. Please contact customer service if you believe you received this message in error.
2025-05-23 21:22:00,356 - main - ERROR - WebSocket error for master 1: APIError(code=0): Service unavailable from a restricted location according to 'b. Eligibility' in https://www.binance.com/en/terms. Please contact customer service if you believe you received this message in error.
2025-05-23 21:22:05,375 - main - ERROR - WebSocket error for master 1: APIError(code=0): Service unavailable from a restricted location according to 'b. Eligibility' in https://www.binance.com/en/terms. Please contact customer service if you believe you received this message in error.
2025-05-23 21:22:10,395 - main - ERROR - WebSocket error for master 1: APIError(code=0): Service unavailable from a restricted location according to 'b. Eligibility' in https://www.binance.com/en/terms. Please contact customer service if you believe you received this message in error.
2025-05-23 21:22:10,580 - main - INFO - Shutting down trade copier...
2025-05-23 21:22:13,470 - main - INFO - Starting trade copier...
2025-05-23 21:22:13,706 - main - ERROR - Error fetching balance for account 1: APIError(code=0): Service unavailable from a restricted location according to 'b. Eligibility' in https://www.binance.com/en/terms. Please contact customer service if you believe you received this message in error.
2025-05-23 21:22:13,712 - main - ERROR - WebSocket error for master 1: APIError(code=0): Service unavailable from a restricted location according to 'b. Eligibility' in https://www.binance.com/en/terms. Please contact customer service if you believe you received this message in error.
2025-05-23 21:22:13,728 - main - ERROR - Error fetching balance for account 1: APIError(code=0): Service unavailable from a restricted location according to 'b. Eligibility' in https://www.binance.com/en/terms. Please contact customer service if you believe you received this message in error.
2025-05-23 21:22:18,731 - main - ERROR - WebSocket error for master 1: APIError(code=0): Service unavailable from a restricted location according to 'b. Eligibility' in https://www.binance.com/en/terms. Please contact customer service if you believe you received this message in error.
2025-05-23 21:22:23,784 - main - ERROR - WebSocket error for master 1: APIError(code=0): Service unavailable from a restricted location according to 'b. Eligibility' in https://www.binance.com/en/terms. Please contact customer service if you believe you received this message in error.
2025-05-23 21:22:28,870 - main - ERROR - WebSocket error for master 1: APIError(code=0): Service unavailable from a restricted location according to 'b. Eligibility' in https://www.binance.com/en/terms. Please contact customer service if you believe you received this message in error.
2025-05-23 21:22:33,930 - main - ERROR - WebSocket error for master 1: APIError(code=0): Service unavailable from a restricted location according to 'b. Eligibility' in https://www.binance.com/en/terms. Please contact customer service if you believe you received this message in error.
2025-05-23 21:22:39,003 - main - ERROR - WebSocket error for master 1: APIError(code=0): Service unavailable from a restricted location according to 'b. Eligibility' in https://www.binance.com/en/terms. Please contact customer service if you believe you received this message in error.
2025-05-23 21:22:43,813 - main - ERROR - Error fetching balance for account 1: APIError(code=0): Service unavailable from a restricted location according to 'b. Eligibility' in https://www.binance.com/en/terms. Please contact customer service if you believe you received this message in error.
2025-05-23 21:22:44,068 - main - ERROR - WebSocket error for master 1: APIError(code=0): Service unavailable from a restricted location according to 'b. Eligibility' in https://www.binance.com/en/terms. Please contact customer service if you believe you received this message in error.
2025-05-23 21:22:49,161 - main - ERROR - WebSocket error for master 1: APIError(code=0): Service unavailable from a restricted location according to 'b. Eligibility' in https://www.binance.com/en/terms. Please contact customer service if you believe you received this message in error.
2025-05-23 21:22:54,216 - main - ERROR - WebSocket error for master 1: APIError(code=0): Service unavailable from a restricted location according to 'b. Eligibility' in https://www.binance.com/en/terms. Please contact customer service if you believe you received this message in error.
2025-05-23 21:22:59,288 - main - ERROR - WebSocket error for master 1: APIError(code=0): Service unavailable from a restricted location according to 'b. Eligibility' in https://www.binance.com/en/terms. Please contact customer service if you believe you received this message in error.
2025-05-23 21:23:04,358 - main - ERROR - WebSocket error for master 1: APIError(code=0): Service unavailable from a restricted location according to 'b. Eligibility' in https://www.binance.com/en/terms. Please contact customer service if you believe you received this message in error.
2025-05-23 21:23:04,504 - main - INFO - Shutting down trade copier...
2025-05-23 21:23:39,197 - main - INFO - Starting trade copier...
2025-05-23 21:23:39,678 - asyncio - ERROR - Unclosed client session
client_session: <aiohttp.client.ClientSession object at 0x00000257340A12E0>
2025-05-23 21:23:39,865 - asyncio - ERROR - Unclosed client session
client_session: <aiohttp.client.ClientSession object at 0x000002573414BA40>
2025-05-23 21:23:45,265 - main - INFO - Starting trade copier...
2025-05-23 21:23:45,527 - main - ERROR - WebSocket error for master 1: APIError(code=0): Service unavailable from a restricted location according to 'b. Eligibility' in https://www.binance.com/en/terms. Please contact customer service if you believe you received this message in error.
2025-05-23 21:23:45,529 - main - ERROR - Error fetching balance for account 1: APIError(code=0): Service unavailable from a restricted location according to 'b. Eligibility' in https://www.binance.com/en/terms. Please contact customer service if you believe you received this message in error.
2025-05-23 21:23:45,589 - main - ERROR - Error fetching balance for account 1: APIError(code=0): Service unavailable from a restricted location according to 'b. Eligibility' in https://www.binance.com/en/terms. Please contact customer service if you believe you received this message in error.
2025-05-23 21:23:50,572 - main - ERROR - WebSocket error for master 1: APIError(code=0): Service unavailable from a restricted location according to 'b. Eligibility' in https://www.binance.com/en/terms. Please contact customer service if you believe you received this message in error.
2025-05-23 21:23:55,604 - main - ERROR - WebSocket error for master 1: APIError(code=0): Service unavailable from a restricted location according to 'b. Eligibility' in https://www.binance.com/en/terms. Please contact customer service if you believe you received this message in error.
2025-05-23 21:24:00,635 - main - ERROR - WebSocket error for master 1: APIError(code=0): Service unavailable from a restricted location according to 'b. Eligibility' in https://www.binance.com/en/terms. Please contact customer service if you believe you received this message in error.
2025-05-23 21:24:05,681 - main - ERROR - WebSocket error for master 1: APIError(code=0): Service unavailable from a restricted location according to 'b. Eligibility' in https://www.binance.com/en/terms. Please contact customer service if you believe you received this message in error.
2025-05-23 21:24:10,705 - main - ERROR - WebSocket error for master 1: APIError(code=0): Service unavailable from a restricted location according to 'b. Eligibility' in https://www.binance.com/en/terms. Please contact customer service if you believe you received this message in error.
2025-05-23 21:24:15,614 - main - ERROR - Error fetching balance for account 1: APIError(code=0): Service unavailable from a restricted location according to 'b. Eligibility' in https://www.binance.com/en/terms. Please contact customer service if you believe you received this message in error.
2025-05-23 21:24:15,715 - main - ERROR - WebSocket error for master 1: APIError(code=0): Service unavailable from a restricted location according to 'b. Eligibility' in https://www.binance.com/en/terms. Please contact customer service if you believe you received this message in error.
2025-05-23 21:24:20,743 - main - ERROR - WebSocket error for master 1: APIError(code=0): Service unavailable from a restricted location according to 'b. Eligibility' in https://www.binance.com/en/terms. Please contact customer service if you believe you received this message in error.
2025-05-23 21:24:25,792 - main - ERROR - WebSocket error for master 1: APIError(code=0): Service unavailable from a restricted location according to 'b. Eligibility' in https://www.binance.com/en/terms. Please contact customer service if you believe you received this message in error.
2025-05-23 21:24:30,833 - main - ERROR - WebSocket error for master 1: APIError(code=0): Service unavailable from a restricted location according to 'b. Eligibility' in https://www.binance.com/en/terms. Please contact customer service if you believe you received this message in error.
2025-05-23 21:24:35,880 - main - ERROR - WebSocket error for master 1: APIError(code=0): Service unavailable from a restricted location according to 'b. Eligibility' in https://www.binance.com/en/terms. Please contact customer service if you believe you received this message in error.
2025-05-23 21:24:40,934 - main - ERROR - WebSocket error for master 1: APIError(code=0): Service unavailable from a restricted location according to 'b. Eligibility' in https://www.binance.com/en/terms. Please contact customer service if you believe you received this message in error.
2025-05-23 21:24:45,652 - main - ERROR - Error fetching balance for account 1: APIError(code=0): Service unavailable from a restricted location according to 'b. Eligibility' in https://www.binance.com/en/terms. Please contact customer service if you believe you received this message in error.
2025-05-23 21:24:45,961 - main - ERROR - WebSocket error for master 1: APIError(code=0): Service unavailable from a restricted location according to 'b. Eligibility' in https://www.binance.com/en/terms. Please contact customer service if you believe you received this message in error.
2025-05-23 21:24:51,037 - main - ERROR - WebSocket error for master 1: APIError(code=0): Service unavailable from a restricted location according to 'b. Eligibility' in https://www.binance.com/en/terms. Please contact customer service if you believe you received this message in error.
2025-05-23 21:24:56,080 - main - ERROR - WebSocket error for master 1: APIError(code=0): Service unavailable from a restricted location according to 'b. Eligibility' in https://www.binance.com/en/terms. Please contact customer service if you believe you received this message in error.
2025-05-23 21:25:01,090 - main - ERROR - WebSocket error for master 1: APIError(code=0): Service unavailable from a restricted location according to 'b. Eligibility' in https://www.binance.com/en/terms. Please contact customer service if you believe you received this message in error.
2025-05-23 21:25:06,115 - main - ERROR - WebSocket error for master 1: APIError(code=0): Service unavailable from a restricted location according to 'b. Eligibility' in https://www.binance.com/en/terms. Please contact customer service if you believe you received this message in error.
2025-05-23 21:25:11,157 - main - ERROR - WebSocket error for master 1: APIError(code=0): Service unavailable from a restricted location according to 'b. Eligibility' in https://www.binance.com/en/terms. Please contact customer service if you believe you received this message in error.
2025-05-23 21:25:15,705 - main - ERROR - Error fetching balance for account 1: APIError(code=0): Service unavailable from a restricted location according to 'b. Eligibility' in https://www.binance.com/en/terms. Please contact customer service if you believe you received this message in error.
2025-05-23 21:25:16,181 - main - ERROR - WebSocket error for master 1: APIError(code=0): Service unavailable from a restricted location according to 'b. Eligibility' in https://www.binance.com/en/terms. Please contact customer service if you believe you received this message in error.
2025-05-23 21:25:21,205 - main - ERROR - WebSocket error for master 1: APIError(code=0): Service unavailable from a restricted location according to 'b. Eligibility' in https://www.binance.com/en/terms. Please contact customer service if you believe you received this message in error.
2025-05-23 21:25:26,217 - main - ERROR - WebSocket error for master 1: APIError(code=0): Service unavailable from a restricted location according to 'b. Eligibility' in https://www.binance.com/en/terms. Please contact customer service if you believe you received this message in error.
2025-05-23 21:25:31,236 - main - ERROR - WebSocket error for master 1: APIError(code=0): Service unavailable from a restricted location according to 'b. Eligibility' in https://www.binance.com/en/terms. Please contact customer service if you believe you received this message in error.
2025-05-23 21:25:36,246 - main - ERROR - WebSocket error for master 1: APIError(code=0): Service unavailable from a restricted location according to 'b. Eligibility' in https://www.binance.com/en/terms. Please contact customer service if you believe you received this message in error.
2025-05-23 21:25:41,287 - main - ERROR - WebSocket error for master 1: APIError(code=0): Service unavailable from a restricted location according to 'b. Eligibility' in https://www.binance.com/en/terms. Please contact customer service if you believe you received this message in error.
2025-05-23 21:25:45,726 - main - ERROR - Error fetching balance for account 1: APIError(code=0): Service unavailable from a restricted location according to 'b. Eligibility' in https://www.binance.com/en/terms. Please contact customer service if you believe you received this message in error.
2025-05-23 21:25:46,318 - main - ERROR - WebSocket error for master 1: APIError(code=0): Service unavailable from a restricted location according to 'b. Eligibility' in https://www.binance.com/en/terms. Please contact customer service if you believe you received this message in error.
2025-05-23 21:25:51,368 - main - ERROR - WebSocket error for master 1: APIError(code=0): Service unavailable from a restricted location according to 'b. Eligibility' in https://www.binance.com/en/terms. Please contact customer service if you believe you received this message in error.
2025-05-23 21:25:56,387 - main - ERROR - WebSocket error for master 1: APIError(code=0): Service unavailable from a restricted location according to 'b. Eligibility' in https://www.binance.com/en/terms. Please contact customer service if you believe you received this message in error.
2025-05-23 21:26:01,401 - main - ERROR - WebSocket error for master 1: APIError(code=0): Service unavailable from a restricted location according to 'b. Eligibility' in https://www.binance.com/en/terms. Please contact customer service if you believe you received this message in error.
2025-05-23 21:26:06,436 - main - ERROR - WebSocket error for master 1: APIError(code=0): Service unavailable from a restricted location according to 'b. Eligibility' in https://www.binance.com/en/terms. Please contact customer service if you believe you received this message in error.
2025-05-23 21:26:11,468 - main - ERROR - WebSocket error for master 1: APIError(code=0): Service unavailable from a restricted location according to 'b. Eligibility' in https://www.binance.com/en/terms. Please contact customer service if you believe you received this message in error.
2025-05-23 21:26:15,774 - main - ERROR - Error fetching balance for account 1: APIError(code=0): Service unavailable from a restricted location according to 'b. Eligibility' in https://www.binance.com/en/terms. Please contact customer service if you believe you received this message in error.
2025-05-23 21:26:16,488 - main - ERROR - WebSocket error for master 1: APIError(code=0): Service unavailable from a restricted location according to 'b. Eligibility' in https://www.binance.com/en/terms. Please contact customer service if you believe you received this message in error.
2025-05-23 21:26:21,519 - main - ERROR - WebSocket error for master 1: APIError(code=0): Service unavailable from a restricted location according to 'b. Eligibility' in https://www.binance.com/en/terms. Please contact customer service if you believe you received this message in error.
2025-05-23 21:26:26,514 - main - ERROR - WebSocket error for master 1: APIError(code=0): Service unavailable from a restricted location according to 'b. Eligibility' in https://www.binance.com/en/terms. Please contact customer service if you believe you received this message in error.
2025-05-23 21:26:31,535 - main - ERROR - WebSocket error for master 1: APIError(code=0): Service unavailable from a restricted location according to 'b. Eligibility' in https://www.binance.com/en/terms. Please contact customer service if you believe you received this message in error.
2025-05-23 21:26:36,563 - main - ERROR - WebSocket error for master 1: APIError(code=0): Service unavailable from a restricted location according to 'b. Eligibility' in https://www.binance.com/en/terms. Please contact customer service if you believe you received this message in error.
2025-05-23 21:26:41,597 - main - ERROR - WebSocket error for master 1: APIError(code=0): Service unavailable from a restricted location according to 'b. Eligibility' in https://www.binance.com/en/terms. Please contact customer service if you believe you received this message in error.
2025-05-23 21:26:45,838 - main - ERROR - Error fetching balance for account 1: APIError(code=0): Service unavailable from a restricted location according to 'b. Eligibility' in https://www.binance.com/en/terms. Please contact customer service if you believe you received this message in error.
2025-05-23 21:26:46,609 - main - ERROR - WebSocket error for master 1: APIError(code=0): Service unavailable from a restricted location according to 'b. Eligibility' in https://www.binance.com/en/terms. Please contact customer service if you believe you received this message in error.
2025-05-23 21:26:51,640 - main - ERROR - WebSocket error for master 1: APIError(code=0): Service unavailable from a restricted location according to 'b. Eligibility' in https://www.binance.com/en/terms. Please contact customer service if you believe you received this message in error.
2025-05-23 21:26:56,641 - main - ERROR - WebSocket error for master 1: APIError(code=0): Service unavailable from a restricted location according to 'b. Eligibility' in https://www.binance.com/en/terms. Please contact customer service if you believe you received this message in error.
2025-05-23 21:27:01,688 - main - ERROR - WebSocket error for master 1: APIError(code=0): Service unavailable from a restricted location according to 'b. Eligibility' in https://www.binance.com/en/terms. Please contact customer service if you believe you received this message in error.
2025-05-23 21:27:06,698 - main - ERROR - WebSocket error for master 1: APIError(code=0): Service unavailable from a restricted location according to 'b. Eligibility' in https://www.binance.com/en/terms. Please contact customer service if you believe you received this message in error.
2025-05-23 21:27:11,747 - main - ERROR - WebSocket error for master 1: APIError(code=0): Service unavailable from a restricted location according to 'b. Eligibility' in https://www.binance.com/en/terms. Please contact customer service if you believe you received this message in error.
2025-05-23 21:27:15,875 - main - ERROR - Error fetching balance for account 1: APIError(code=0): Service unavailable from a restricted location according to 'b. Eligibility' in https://www.binance.com/en/terms. Please contact customer service if you believe you received this message in error.
2025-05-23 21:27:16,801 - main - ERROR - WebSocket error for master 1: APIError(code=0): Service unavailable from a restricted location according to 'b. Eligibility' in https://www.binance.com/en/terms. Please contact customer service if you believe you received this message in error.
2025-05-23 21:27:21,851 - main - ERROR - WebSocket error for master 1: APIError(code=0): Service unavailable from a restricted location according to 'b. Eligibility' in https://www.binance.com/en/terms. Please contact customer service if you believe you received this message in error.
2025-05-23 21:27:26,910 - main - ERROR - WebSocket error for master 1: APIError(code=0): Service unavailable from a restricted location according to 'b. Eligibility' in https://www.binance.com/en/terms. Please contact customer service if you believe you received this message in error.
2025-05-23 21:27:31,993 - main - ERROR - WebSocket error for master 1: APIError(code=0): Service unavailable from a restricted location according to 'b. Eligibility' in https://www.binance.com/en/terms. Please contact customer service if you believe you received this message in error.
2025-05-23 21:27:37,073 - main - ERROR - WebSocket error for master 1: APIError(code=0): Service unavailable from a restricted location according to 'b. Eligibility' in https://www.binance.com/en/terms. Please contact customer service if you believe you received this message in error.
2025-05-23 21:27:42,150 - main - ERROR - WebSocket error for master 1: APIError(code=0): Service unavailable from a restricted location according to 'b. Eligibility' in https://www.binance.com/en/terms. Please contact customer service if you believe you received this message in error.
2025-05-23 21:27:45,966 - main - ERROR - Error fetching balance for account 1: APIError(code=0): Service unavailable from a restricted location according to 'b. Eligibility' in https://www.binance.com/en/terms. Please contact customer service if you believe you received this message in error.
2025-05-23 21:27:47,194 - main - ERROR - WebSocket error for master 1: APIError(code=0): Service unavailable from a restricted location according to 'b. Eligibility' in https://www.binance.com/en/terms. Please contact customer service if you believe you received this message in error.
2025-05-23 21:27:52,250 - main - ERROR - WebSocket error for master 1: APIError(code=0): Service unavailable from a restricted location according to 'b. Eligibility' in https://www.binance.com/en/terms. Please contact customer service if you believe you received this message in error.
2025-05-23 21:27:57,147 - main - INFO - Shutting down trade copier...
